C51 COMPILER V9.01   CHANGE                                                                06/30/2022 14:42:52 PAGE 1   


C51 COMPILER V9.01, COMPILATION OF MODULE CHANGE
OBJECT MODULE PLACED IN .\Obj\change.obj
COMPILER INVOKED BY: E:\KEIL_C51\C51\BIN\C51.EXE App\change\change.c BROWSE INCDIR(.\App\catch;.\App;.\Public;.\User;.\A
                    -pp\show;.\App\change;.\App\sound;.\App\wifi) DEBUG OBJECTEXTEND PRINT(.\Obj\change.lst) OBJECT(.\Obj\change.obj)

line level    source

   1          #include "public.h"
   2          #include "lcd1602.h"
   3          #include "change.h"
   4          
   5          void change(u8 ch, float *maxn, u8 *path, u8 *idx){ //新的阈值
   6   1              int res;
   7   1              u8 i, k;
   8   1              u8 show_path[8];
   9   1              
  10   1              if (ch == 'A') //开始编辑模式
  11   1              {
  12   2                      lcd1602_clear();
  13   2                      delay_ms(10);
  14   2                      lcd1602_show_string(0, 0, "@.@new\0");  
  15   2                      delay_ms(10);
  16   2              }
  17   1      
  18   1              //退出编辑模式 
  19   1              else if (ch == 'B')     
  20   1              {
  21   2                      res = 0;
  22   2                      for (k = 0; k < 5; k ++)         
  23   2                      {
  24   3                              if (path[k] == '\0') break;
  25   3                              if (path[k] == '.') continue; 
  26   3                              res += path[k] - '0';
  27   3                              res *= 10;
  28   3                      }
  29   2                      *idx = 0;
  30   2                      *maxn = 1.0 * res / 100;                                //多了个0 + 小数点
  31   2              }
  32   1      
  33   1              //操作阈值模式
  34   1              else
  35   1              {
  36   2                      if (ch == 'C')     // 删除
  37   2                      {
  38   3                              *idx = *idx - 1;
  39   3                              path[*idx] = '\0';
  40   3                      }       
  41   2                      else
  42   2                      {
  43   3                              path[*idx] = ch;
  44   3                              *idx = *idx + 1;
  45   3                              //path[*idx] = '\0';
  46   3                      }
  47   2      
  48   2                      for (k = 0; k < 5; k++)
  49   2                      {
  50   3                              //if (path[k] == '\0') break;
  51   3                              show_path[k] = path[k];
  52   3                      }
  53   2                      //show_path[k] = '\0';
  54   2                      lcd1602_show_string(0, 1, "              ");     //终于改出来了!!!!!!
C51 COMPILER V9.01   CHANGE                                                                06/30/2022 14:42:52 PAGE 2   

  55   2                      delay_ms(10);
  56   2                      lcd1602_show_string(0, 1, show_path);
  57   2                      delay_ms(10);
  58   2              }
  59   1      }
*** WARNING C280 IN LINE 7 OF APP\CHANGE\CHANGE.C: 'i': unreferenced local variable


MODULE INFORMATION:   STATIC OVERLAYABLE
   CODE SIZE        =    285    ----
   CONSTANT SIZE    =     23    ----
   XDATA SIZE       =   ----    ----
   PDATA SIZE       =   ----    ----
   DATA SIZE        =   ----      22
   IDATA SIZE       =   ----    ----
   BIT SIZE         =   ----    ----
END OF MODULE INFORMATION.


C51 COMPILATION COMPLETE.  1 WARNING(S),  0 ERROR(S)
